<?xml version="1.0" encoding="UTF-8"?>
<testsuites>
	<testsuite tests="2" errors="0" failures="0" time="0.004" timestamp="2016-02-13T19:11:48">
		<testcase classname="line" name="says the line is empty if no one is in line" time="0.003">
		</testcase>
		<testcase classname="line" name="says who is on line when there are people waiting" time="0.001">
		</testcase>
	</testsuite>
</testsuites>

